(---------------------------------------------------------------------)
(                                                                     )
(    Allegro Netrev Import Logic                                      )
(                                                                     )
(    Drawing          : design3.brd                                   )
(    Software Version : 17.4S037                                      )
(    Date/Time        : Mon Aug  7 19:41:06 2023                      )
(                                                                     )
(---------------------------------------------------------------------)


------ Directives ------------

Ripup etch:                  No
Ripup delete first segment:  No
Ripup retain bondwire:       No
Ripup symbols:               Always
Missing symbol has error:    No
DRC update:                  Yes
Schematic directory:         'c:\users\12289\desktop\esp32_smart_watch_project\allegro layout'
Design Directory:            'C:/Users/12289/Desktop/ESP32_Smart_Watch_Project/OrCAD Schematic/allegro'
Old design name:             'C:/Users/12289/Desktop/ESP32_Smart_Watch_Project/OrCAD Schematic/allegro/design3.brd'
New design name:             'C:/Users/12289/Desktop/ESP32_Smart_Watch_Project/OrCAD Schematic/allegro/design3.brd'

CmdLine: netrev.exe -y 1 -n -i c:\users\12289\desktop\esp32_smart_watch_project\allegro layout C:/Users/12289/Desktop/ESP32_Smart_Watch_Project/OrCAD Schematic/allegro/design3.brd C:/Users/12289/Desktop/ESP32_Smart_Watch_Project/OrCAD Schematic/allegro/design3.brd

------ Preparing to read pst files ------

Starting to read c:/users/12289/desktop/esp32_smart_watch_project/allegro layout/pstchip.dat 
   Finished reading c:/users/12289/desktop/esp32_smart_watch_project/allegro layout/pstchip.dat (00:00:00.02)
Starting to read c:/users/12289/desktop/esp32_smart_watch_project/allegro layout/pstxprt.dat 
   Finished reading c:/users/12289/desktop/esp32_smart_watch_project/allegro layout/pstxprt.dat (00:00:00.00)
Starting to read c:/users/12289/desktop/esp32_smart_watch_project/allegro layout/pstxnet.dat 
   Finished reading c:/users/12289/desktop/esp32_smart_watch_project/allegro layout/pstxnet.dat (00:00:00.00)

------ Oversights/Warnings/Errors ------


------ Library Paths ------
MODULEPATH =  . 
           c:/cadence/spb_17.4/share/local/pcb/modules 

PSMPATH =  . 
           symbols 
           .. 
           ../symbols 
           c:/cadence/spb_17.4/share/local/pcb/symbols 
           c:/cadence/spb_17.4/share/pcb/pcb_lib/symbols 
           c:/cadence/spb_17.4/share/pcb/allegrolib/symbols 

PADPATH =  . 
           symbols 
           .. 
           ../symbols 
           c:/cadence/spb_17.4/share/local/pcb/padstacks 
           c:/cadence/spb_17.4/share/pcb/pcb_lib/symbols 
           c:/cadence/spb_17.4/share/pcb/allegrolib/symbols 


------ Summary Statistics ------


netrev run on Aug 7 19:41:06 2023
   DESIGN NAME : 'DESIGN3'
   PACKAGING ON May 19 2023 23:44:21

   COMPILE 'logic'
   CHECK_PIN_NAMES OFF
   CROSS_REFERENCE OFF
   FEEDBACK OFF
   INCREMENTAL OFF
   INTERFACE_TYPE PHYSICAL
   MAX_ERRORS 500
   MERGE_MINIMUM 5
   NET_NAME_CHARS '#%&()*+-./:=>?@[]^_`|'
   NET_NAME_LENGTH 24
   OVERSIGHTS ON
   REPLACE_CHECK OFF
   SINGLE_NODE_NETS ON
   SPLIT_MINIMUM 0
   SUPPRESS   20
   WARNINGS ON

 No error detected
 No oversight detected
 No warning detected

cpu time      0:00:39
elapsed time  0:00:00

